<?xml version="1.0" encoding="UTF-8" ?>
<testsuite errors="1" failures="0" hostname="MacBook-Air-de-Michele.local" name="com.grailsinaction.PostIntegrationTests" tests="3" time="1.63" timestamp="2012-08-05T18:55:53">
  <properties />
  <testcase classname="com.grailsinaction.PostIntegrationTests" name="testFirstPost" time="1.324" />
  <testcase classname="com.grailsinaction.PostIntegrationTests" name="testAccessingPosts" time="0.047" />
  <testcase classname="com.grailsinaction.PostIntegrationTests" name="testPostWithTags" time="0.25">
    <error message="No signature of method: static groovy.lang.MissingMethodException.addToTags() is applicable for argument types: (com.grailsinaction.Tag) values: [com.grailsinaction.Tag : null]" type="groovy.lang.MissingMethodException">groovy.lang.MissingMethodException: No signature of method: static groovy.lang.MissingMethodException.addToTags() is applicable for argument types: (com.grailsinaction.Tag) values: [com.grailsinaction.Tag : null]
	at com.grailsinaction.PostIntegrationTests.testPostWithTags(PostIntegrationTests.groovy:49)
</error>
  </testcase>
  <system-out><![CDATA[--Output from testFirstPost--
--Output from testAccessingPosts--
--Output from testPostWithTags--
]]></system-out>
  <system-err><![CDATA[--Output from testFirstPost--
--Output from testAccessingPosts--
--Output from testPostWithTags--
]]></system-err>
</testsuite>
