<?xml version="1.0" encoding="UTF-8" ?>
<testsuites>
  <testsuite errors="1" failures="0" hostname="MacBook-Air-de-Michele.local" id="0" name="PostIntegrationTests" package="com.grailsinaction" tests="3" time="1.63" timestamp="2012-08-05T18:55:53">
      <properties />

      <testcase classname="com.grailsinaction.PostIntegrationTests" name="testFirstPost" time="1.324" />

      <testcase classname="com.grailsinaction.PostIntegrationTests" name="testAccessingPosts" time="0.047" />

      <testcase classname="com.grailsinaction.PostIntegrationTests" name="testPostWithTags" time="0.25">
          <error message="No signature of method: static groovy.lang.MissingMethodException.addToTags() is applicable for argument types: (com.grailsinaction.Tag) values: [com.grailsinaction.Tag : null]" type="groovy.lang.MissingMethodException">groovy.lang.MissingMethodException: No signature of method: static groovy.lang.MissingMethodException.addToTags() is applicable for argument types: (com.grailsinaction.Tag) values: [com.grailsinaction.Tag : null]
	at com.grailsinaction.PostIntegrationTests.testPostWithTags(PostIntegrationTests.groovy:49)
</error>

      </testcase>

      <system-out><![CDATA[--Output from testFirstPost--
--Output from testAccessingPosts--
--Output from testPostWithTags--
]]></system-out>

      <system-err><![CDATA[--Output from testFirstPost--
--Output from testAccessingPosts--
--Output from testPostWithTags--
]]></system-err>

  </testsuite>
  <testsuite errors="0" failures="0" hostname="MacBook-Air-de-Michele.local" id="1" name="UserIntegrationTests" package="com.grailsinaction" tests="1" time="0.053" timestamp="2012-08-05T18:55:55">
      <properties />

      <testcase classname="com.grailsinaction.UserIntegrationTests" name="testFollowing" time="0.05" />

      <system-out><![CDATA[--Output from testFollowing--
]]></system-out>

      <system-err><![CDATA[--Output from testFollowing--
]]></system-err>

  </testsuite>
  <testsuite errors="0" failures="0" hostname="MacBook-Air-de-Michele.local" id="2" name="PostTests" package="com.grailsinaction" tests="1" time="0.232" timestamp="2012-08-05T18:55:41">
      <properties />

      <testcase classname="com.grailsinaction.PostTests" name="testSomething" time="0.209" />

      <system-out><![CDATA[--Output from testSomething--
]]></system-out>

      <system-err><![CDATA[--Output from testSomething--
]]></system-err>

  </testsuite>
  <testsuite errors="0" failures="0" hostname="MacBook-Air-de-Michele.local" id="3" name="ProfileTests" package="com.grailsinaction" tests="1" time="0.014" timestamp="2012-08-05T18:55:42">
      <properties />

      <testcase classname="com.grailsinaction.ProfileTests" name="testSomething" time="0.0050" />

      <system-out><![CDATA[--Output from testSomething--
]]></system-out>

      <system-err><![CDATA[--Output from testSomething--
]]></system-err>

  </testsuite>
  <testsuite errors="0" failures="0" hostname="MacBook-Air-de-Michele.local" id="4" name="TagTests" package="com.grailsinaction" tests="1" time="0.014" timestamp="2012-08-05T18:55:42">
      <properties />

      <testcase classname="com.grailsinaction.TagTests" name="testSomething" time="0.0040" />

      <system-out><![CDATA[--Output from testSomething--
]]></system-out>

      <system-err><![CDATA[--Output from testSomething--
]]></system-err>

  </testsuite>
  <testsuite errors="0" failures="0" hostname="MacBook-Air-de-Michele.local" id="5" name="UserTests" package="com.grailsinaction" tests="1" time="0.023" timestamp="2012-08-05T18:55:42">
      <properties />

      <testcase classname="com.grailsinaction.UserTests" name="testSomething" time="0.011" />

      <system-out><![CDATA[--Output from testSomething--
]]></system-out>

      <system-err><![CDATA[--Output from testSomething--
]]></system-err>

  </testsuite>
</testsuites>
